<?xml version="1.0" encoding="UTF-8"?>
<!-- Generated by org.testng.reporters.JUnitXMLReporter -->
<testsuite hostname="Admin-PC" ignored="1" name="Default test" tests="4" failures="0" timestamp="2020-08-26T00:08:54 EDT" time="96.281" errors="0">
  <testcase name="createNewContactTest" time="3.725" classname="com.qa.hubspot.test.ContactPageTest"/>
  <testcase name="createNewContactTest" time="4.493" classname="com.qa.hubspot.test.ContactPageTest"/>
  <testcase name="createNewContactTest" time="3.598" classname="com.qa.hubspot.test.ContactPageTest"/>
  <testcase name="createNewContactTest" time="3.971" classname="com.qa.hubspot.test.ContactPageTest"/>
  <testcase name="verifyContactsPageTitleTest" time="0.0" classname="com.qa.hubspot.test.ContactPageTest">
    <ignored/>
  </testcase> <!-- verifyContactsPageTitleTest -->
</testsuite> <!-- Default test -->
