<?xml version="1.0" encoding="UTF-8"?>
<!-- Generated by org.testng.reporters.JUnitXMLReporter -->
<testsuite hostname="Admin-PC" ignored="0" name="Test" tests="9" failures="2" timestamp="2020-08-27T05:00:10 EDT" time="66.463" errors="0">
  <testcase name="verifyloginPagetitle" time="6.739" classname="com.qa.hubspot.test.LoginPageTest"/>
  <testcase name="verifySignUpLinkTest" time="0.087" classname="com.qa.hubspot.test.LoginPageTest"/>
  <testcase name="verifyLoginTest" time="4.564" classname="com.qa.hubspot.test.LoginPageTest"/>
  <testcase name="gittest" time="0.0" classname="com.qa.hubspot.test.LoginPageTest"/>
  <testcase name="gittest2" time="0.0" classname="com.qa.hubspot.test.LoginPageTest"/>
  <testcase name="verifyHomePageHeaderValueTest" time="30.015" classname="com.qa.hubspot.test.HomePageTest">
    <failure type="java.lang.AssertionError" message="home page header mismatched... expected [Sales Dashboard] but found [false]">
      <![CDATA[java.lang.AssertionError: home page header mismatched... expected [Sales Dashboard] but found [false]
at com.qa.hubspot.test.HomePageTest.verifyHomePageHeaderValueTest(HomePageTest.java:43)
at java.util.ArrayList.forEach(ArrayList.java:1257)
... Removed 34 stack frames]]>
    </failure>
  </testcase> <!-- verifyHomePageHeaderValueTest -->
  <testcase name="verifyLoggedInUserTest" time="0.075" classname="com.qa.hubspot.test.HomePageTest">
    <failure type="java.lang.AssertionError" message="expected [Digital point] but found []">
      <![CDATA[java.lang.AssertionError: expected [Digital point] but found []
at com.qa.hubspot.test.HomePageTest.verifyLoggedInUserTest(HomePageTest.java:53)
at java.util.ArrayList.forEach(ArrayList.java:1257)
... Removed 36 stack frames]]>
    </failure>
  </testcase> <!-- verifyLoggedInUserTest -->
  <testcase name="verifyHomePageAppLogo" time="0.043" classname="com.qa.hubspot.test.HomePageTest"/>
  <testcase name="verifyHomePageTitleTest" time="0.005" classname="com.qa.hubspot.test.HomePageTest"/>
</testsuite> <!-- Test -->
