<?xml version="1.0" encoding="UTF-8"?>
<testng-results skipped="0" failed="2" ignored="0" total="9" passed="7">
  <reporter-output>
    <line>
      <![CDATA[Report Started s verifyloginPagetitle]]>
    </line>
    <line>
      <![CDATA[loginpage title is HubSpot Login]]>
    </line>
    <line>
      <![CDATA[Report ends  verifyloginPagetitle]]>
    </line>
  </reporter-output>
  <suite name="Suite" duration-ms="66463" started-at="2020-08-27T04:59:03 EDT" finished-at="2020-08-27T05:00:10 EDT">
    <groups>
    </groups>
    <test name="Test" duration-ms="66463" started-at="2020-08-27T04:59:03 EDT" finished-at="2020-08-27T05:00:10 EDT">
      <class name="com.qa.hubspot.test.LoginPageTest">
        <test-method status="PASS" signature="setUp()[pri:0, instance:com.qa.hubspot.test.LoginPageTest@5702b3b1]" name="setUp" is-config="true" duration-ms="5990" started-at="2020-08-27T04:59:22 EDT" finished-at="2020-08-27T04:59:28 EDT">
          <reporter-output>
          </reporter-output>
        </test-method> <!-- setUp -->
        <test-method status="PASS" signature="verifyloginPagetitle()[pri:1, instance:com.qa.hubspot.test.LoginPageTest@5702b3b1]" name="verifyloginPagetitle" duration-ms="6739" started-at="2020-08-27T04:59:28 EDT" finished-at="2020-08-27T04:59:34 EDT">
          <reporter-output>
            <line>
              <![CDATA[Report Started s verifyloginPagetitle]]>
            </line>
            <line>
              <![CDATA[loginpage title is HubSpot Login]]>
            </line>
            <line>
              <![CDATA[Report ends  verifyloginPagetitle]]>
            </line>
          </reporter-output>
        </test-method> <!-- verifyloginPagetitle -->
        <test-method status="PASS" signature="verifySignUpLinkTest()[pri:2, instance:com.qa.hubspot.test.LoginPageTest@5702b3b1]" name="verifySignUpLinkTest" duration-ms="87" started-at="2020-08-27T04:59:34 EDT" finished-at="2020-08-27T04:59:34 EDT">
          <reporter-output>
          </reporter-output>
        </test-method> <!-- verifySignUpLinkTest -->
        <test-method status="PASS" signature="verifyLoginTest()[pri:3, instance:com.qa.hubspot.test.LoginPageTest@5702b3b1]" name="verifyLoginTest" duration-ms="4564" started-at="2020-08-27T04:59:34 EDT" finished-at="2020-08-27T04:59:39 EDT">
          <reporter-output>
          </reporter-output>
        </test-method> <!-- verifyLoginTest -->
        <test-method status="PASS" signature="gittest()[pri:4, instance:com.qa.hubspot.test.LoginPageTest@5702b3b1]" name="gittest" duration-ms="0" started-at="2020-08-27T04:59:39 EDT" finished-at="2020-08-27T04:59:39 EDT">
          <reporter-output>
          </reporter-output>
        </test-method> <!-- gittest -->
        <test-method status="PASS" signature="gittest2()[pri:5, instance:com.qa.hubspot.test.LoginPageTest@5702b3b1]" name="gittest2" duration-ms="0" started-at="2020-08-27T04:59:39 EDT" finished-at="2020-08-27T04:59:39 EDT">
          <reporter-output>
          </reporter-output>
        </test-method> <!-- gittest2 -->
        <test-method status="PASS" signature="teardown()[pri:0, instance:com.qa.hubspot.test.LoginPageTest@5702b3b1]" name="teardown" is-config="true" duration-ms="704" started-at="2020-08-27T04:59:39 EDT" finished-at="2020-08-27T04:59:40 EDT">
          <reporter-output>
          </reporter-output>
        </test-method> <!-- teardown -->
      </class> <!-- com.qa.hubspot.test.LoginPageTest -->
      <class name="com.qa.hubspot.test.HomePageTest">
        <test-method status="PASS" signature="setUp()[pri:0, instance:com.qa.hubspot.test.HomePageTest@25bbe1b6]" name="setUp" is-config="true" duration-ms="18183" started-at="2020-08-27T04:59:03 EDT" finished-at="2020-08-27T04:59:22 EDT">
          <reporter-output>
          </reporter-output>
        </test-method> <!-- setUp -->
        <test-method status="FAIL" signature="verifyHomePageHeaderValueTest()[pri:1, instance:com.qa.hubspot.test.HomePageTest@25bbe1b6]" name="verifyHomePageHeaderValueTest" duration-ms="30015" started-at="2020-08-27T04:59:40 EDT" finished-at="2020-08-27T05:00:10 EDT">
          <exception class="java.lang.AssertionError">
            <message>
              <![CDATA[home page header mismatched... expected [Sales Dashboard] but found [false]]]>
            </message>
            <full-stacktrace>
              <![CDATA[java.lang.AssertionError: home page header mismatched... expected [Sales Dashboard] but found [false]
at org.testng.Assert.fail(Assert.java:97)
at org.testng.Assert.assertEqualsImpl(Assert.java:136)
at org.testng.Assert.assertEquals(Assert.java:118)
at com.qa.hubspot.test.HomePageTest.verifyHomePageHeaderValueTest(HomePageTest.java:43)
at sun.reflect.NativeMethodAccessorImpl.invoke0(Native Method)
at sun.reflect.NativeMethodAccessorImpl.invoke(NativeMethodAccessorImpl.java:62)
at sun.reflect.DelegatingMethodAccessorImpl.invoke(DelegatingMethodAccessorImpl.java:43)
at java.lang.reflect.Method.invoke(Method.java:498)
at org.testng.internal.MethodInvocationHelper.invokeMethod(MethodInvocationHelper.java:133)
at org.testng.internal.TestInvoker.invokeMethod(TestInvoker.java:584)
at org.testng.internal.TestInvoker.invokeTestMethod(TestInvoker.java:172)
at org.testng.internal.MethodRunner.runInSequence(MethodRunner.java:46)
at org.testng.internal.TestInvoker$MethodInvocationAgent.invoke(TestInvoker.java:804)
at org.testng.internal.TestInvoker.invokeTestMethods(TestInvoker.java:145)
at org.testng.internal.TestMethodWorker.invokeTestMethods(TestMethodWorker.java:146)
at org.testng.internal.TestMethodWorker.run(TestMethodWorker.java:128)
at java.util.ArrayList.forEach(ArrayList.java:1257)
at org.testng.TestRunner.privateRun(TestRunner.java:770)
at org.testng.TestRunner.run(TestRunner.java:591)
at org.testng.SuiteRunner.runTest(SuiteRunner.java:402)
at org.testng.SuiteRunner.runSequentially(SuiteRunner.java:396)
at org.testng.SuiteRunner.privateRun(SuiteRunner.java:355)
at org.testng.SuiteRunner.run(SuiteRunner.java:304)
at org.testng.SuiteRunnerWorker.runSuite(SuiteRunnerWorker.java:53)
at org.testng.SuiteRunnerWorker.run(SuiteRunnerWorker.java:96)
at org.testng.TestNG.runSuitesSequentially(TestNG.java:1180)
at org.testng.TestNG.runSuitesLocally(TestNG.java:1102)
at org.testng.TestNG.runSuites(TestNG.java:1032)
at org.testng.TestNG.run(TestNG.java:1000)
at org.apache.maven.surefire.testng.TestNGExecutor.run(TestNGExecutor.java:283)
at org.apache.maven.surefire.testng.TestNGXmlTestSuite.execute(TestNGXmlTestSuite.java:75)
at org.apache.maven.surefire.testng.TestNGProvider.invoke(TestNGProvider.java:120)
at org.apache.maven.surefire.booter.ForkedBooter.runSuitesInProcess(ForkedBooter.java:377)
at org.apache.maven.surefire.booter.ForkedBooter.execute(ForkedBooter.java:138)
at org.apache.maven.surefire.booter.ForkedBooter.run(ForkedBooter.java:465)
at org.apache.maven.surefire.booter.ForkedBooter.main(ForkedBooter.java:451)
]]>
            </full-stacktrace>
          </exception> <!-- java.lang.AssertionError -->
          <reporter-output>
          </reporter-output>
        </test-method> <!-- verifyHomePageHeaderValueTest -->
        <test-method status="FAIL" signature="verifyLoggedInUserTest()[pri:2, instance:com.qa.hubspot.test.HomePageTest@25bbe1b6]" name="verifyLoggedInUserTest" duration-ms="75" started-at="2020-08-27T05:00:10 EDT" finished-at="2020-08-27T05:00:10 EDT">
          <exception class="java.lang.AssertionError">
            <message>
              <![CDATA[expected [Digital point] but found []]]>
            </message>
            <full-stacktrace>
              <![CDATA[java.lang.AssertionError: expected [Digital point] but found []
at org.testng.Assert.fail(Assert.java:97)
at org.testng.Assert.assertEqualsImpl(Assert.java:136)
at org.testng.Assert.assertEquals(Assert.java:118)
at org.testng.Assert.assertEquals(Assert.java:575)
at org.testng.Assert.assertEquals(Assert.java:585)
at com.qa.hubspot.test.HomePageTest.verifyLoggedInUserTest(HomePageTest.java:53)
at sun.reflect.NativeMethodAccessorImpl.invoke0(Native Method)
at sun.reflect.NativeMethodAccessorImpl.invoke(NativeMethodAccessorImpl.java:62)
at sun.reflect.DelegatingMethodAccessorImpl.invoke(DelegatingMethodAccessorImpl.java:43)
at java.lang.reflect.Method.invoke(Method.java:498)
at org.testng.internal.MethodInvocationHelper.invokeMethod(MethodInvocationHelper.java:133)
at org.testng.internal.TestInvoker.invokeMethod(TestInvoker.java:584)
at org.testng.internal.TestInvoker.invokeTestMethod(TestInvoker.java:172)
at org.testng.internal.MethodRunner.runInSequence(MethodRunner.java:46)
at org.testng.internal.TestInvoker$MethodInvocationAgent.invoke(TestInvoker.java:804)
at org.testng.internal.TestInvoker.invokeTestMethods(TestInvoker.java:145)
at org.testng.internal.TestMethodWorker.invokeTestMethods(TestMethodWorker.java:146)
at org.testng.internal.TestMethodWorker.run(TestMethodWorker.java:128)
at java.util.ArrayList.forEach(ArrayList.java:1257)
at org.testng.TestRunner.privateRun(TestRunner.java:770)
at org.testng.TestRunner.run(TestRunner.java:591)
at org.testng.SuiteRunner.runTest(SuiteRunner.java:402)
at org.testng.SuiteRunner.runSequentially(SuiteRunner.java:396)
at org.testng.SuiteRunner.privateRun(SuiteRunner.java:355)
at org.testng.SuiteRunner.run(SuiteRunner.java:304)
at org.testng.SuiteRunnerWorker.runSuite(SuiteRunnerWorker.java:53)
at org.testng.SuiteRunnerWorker.run(SuiteRunnerWorker.java:96)
at org.testng.TestNG.runSuitesSequentially(TestNG.java:1180)
at org.testng.TestNG.runSuitesLocally(TestNG.java:1102)
at org.testng.TestNG.runSuites(TestNG.java:1032)
at org.testng.TestNG.run(TestNG.java:1000)
at org.apache.maven.surefire.testng.TestNGExecutor.run(TestNGExecutor.java:283)
at org.apache.maven.surefire.testng.TestNGXmlTestSuite.execute(TestNGXmlTestSuite.java:75)
at org.apache.maven.surefire.testng.TestNGProvider.invoke(TestNGProvider.java:120)
at org.apache.maven.surefire.booter.ForkedBooter.runSuitesInProcess(ForkedBooter.java:377)
at org.apache.maven.surefire.booter.ForkedBooter.execute(ForkedBooter.java:138)
at org.apache.maven.surefire.booter.ForkedBooter.run(ForkedBooter.java:465)
at org.apache.maven.surefire.booter.ForkedBooter.main(ForkedBooter.java:451)
]]>
            </full-stacktrace>
          </exception> <!-- java.lang.AssertionError -->
          <reporter-output>
          </reporter-output>
        </test-method> <!-- verifyLoggedInUserTest -->
        <test-method status="PASS" signature="verifyHomePageAppLogo()[pri:3, instance:com.qa.hubspot.test.HomePageTest@25bbe1b6]" name="verifyHomePageAppLogo" duration-ms="43" started-at="2020-08-27T05:00:10 EDT" finished-at="2020-08-27T05:00:10 EDT">
          <reporter-output>
          </reporter-output>
        </test-method> <!-- verifyHomePageAppLogo -->
        <test-method status="PASS" signature="verifyHomePageTitleTest()[pri:4, instance:com.qa.hubspot.test.HomePageTest@25bbe1b6]" name="verifyHomePageTitleTest" duration-ms="5" started-at="2020-08-27T05:00:10 EDT" finished-at="2020-08-27T05:00:10 EDT">
          <reporter-output>
          </reporter-output>
        </test-method> <!-- verifyHomePageTitleTest -->
      </class> <!-- com.qa.hubspot.test.HomePageTest -->
    </test> <!-- Test -->
  </suite> <!-- Suite -->
</testng-results>
